[    0.000000] Linux version 4.15.0-96-generic (buildd@lgw01-amd64-004) (gcc version 7.5.0 (Ubuntu 7.5.0-3ubuntu1~18.04)) #97-Ubuntu SMP Wed Apr 1 03:25:46 UTC 2020 (Ubuntu 4.15.0-96.97-generic 4.15.18)
[    0.000000] Command line: BOOT_IMAGE=/boot/vmlinuz-4.15.0-96-generic root=LABEL=cloudimg-rootfs ro console=tty1 console=ttyS0
[    0.000000] KERNEL supported cpus:
[    0.000000]   Intel GenuineIntel
[    0.000000]   AMD AuthenticAMD
[    0.000000]   Centaur CentaurHauls
[    0.000000] x86/fpu: Supporting XSAVE feature 0x001: 'x87 floating point registers'
[    0.000000] x86/fpu: Supporting XSAVE feature 0x002: 'SSE registers'
[    0.000000] x86/fpu: Supporting XSAVE feature 0x004: 'AVX registers'
[    0.000000] x86/fpu: xstate_offset[2]:  576, xstate_sizes[2]:  256
[    0.000000] x86/fpu: Enabled xstate features 0x7, context size is 832 bytes, using 'standard' format.
[    0.000000] e820: BIOS-provided physical RAM map:
[    0.000000] BIOS-e820: [mem 0x0000000000000000-0x000000000009fbff] usable
[    0.000000] BIOS-e820: [mem 0x000000000009fc00-0x000000000009ffff] reserved
[    0.000000] BIOS-e820: [mem 0x00000000000f0000-0x00000000000fffff] reserved
[    0.000000] BIOS-e820: [mem 0x0000000000100000-0x000000003ffeffff] usable
[    0.000000] BIOS-e820: [mem 0x000000003fff0000-0x000000003fffffff] ACPI data
[    0.000000] BIOS-e820: [mem 0x00000000fec00000-0x00000000fec00fff] reserved
[    0.000000] BIOS-e820: [mem 0x00000000fee00000-0x00000000fee00fff] reserved
[    0.000000] BIOS-e820: [mem 0x00000000fffc0000-0x00000000ffffffff] reserved
[    0.000000] NX (Execute Disable) protection: active
[    0.000000] SMBIOS 2.5 present.
[    0.000000] DMI: innotek GmbH VirtualBox/VirtualBox, BIOS VirtualBox 12/01/2006
[    0.000000] Hypervisor detected: KVM
[    0.000000] e820: last_pfn = 0x3fff0 max_arch_pfn = 0x400000000
[    0.000000] MTRR: Disabled
[    0.000000] x86/PAT: MTRRs disabled, skipping PAT initialization too.
[    0.000000] CPU MTRRs all blank - virtualized system.
[    0.000000] x86/PAT: Configuration [0-7]: WB  WT  UC- UC  WB  WT  UC- UC  
[    0.000000] found SMP MP-table at [mem 0x0009fff0-0x0009ffff]
[    0.000000] Scanning 1 areas for low memory corruption
[    0.000000] RAMDISK: [mem 0x35a6b000-0x36d2cfff]
[    0.000000] ACPI: Early table checksum verification disabled
[    0.000000] ACPI: RSDP 0x00000000000E0000 000024 (v02 VBOX  )
[    0.000000] ACPI: XSDT 0x000000003FFF0030 00003C (v01 VBOX   VBOXXSDT 00000001 ASL  00000061)
[    0.000000] ACPI: FACP 0x000000003FFF00F0 0000F4 (v04 VBOX   VBOXFACP 00000001 ASL  00000061)
[    0.000000] ACPI: DSDT 0x000000003FFF0470 002325 (v02 VBOX   VBOXBIOS 00000002 INTL 20100528)
[    0.000000] ACPI: FACS 0x000000003FFF0200 000040
[    0.000000] ACPI: FACS 0x000000003FFF0200 000040
[    0.000000] ACPI: APIC 0x000000003FFF0240 00005C (v02 VBOX   VBOXAPIC 00000001 ASL  00000061)
[    0.000000] ACPI: SSDT 0x000000003FFF02A0 0001CC (v01 VBOX   VBOXCPUT 00000002 INTL 20100528)
[    0.000000] No NUMA configuration found
[    0.000000] Faking a node at [mem 0x0000000000000000-0x000000003ffeffff]
[    0.000000] NODE_DATA(0) allocated [mem 0x3ffc5000-0x3ffeffff]
[    0.000000] kvm-clock: cpu 0, msr 0:3ff44001, primary cpu clock
[    0.000000] kvm-clock: Using msrs 4b564d01 and 4b564d00
[    0.000000] kvm-clock: using sched offset of 6073093981 cycles
[    0.000000] clocksource: kvm-clock: mask: 0xffffffffffffffff max_cycles: 0x1cd42e4dffb, max_idle_ns: 881590591483 ns
[    0.000000] Zone ranges:
[    0.000000]   DMA      [mem 0x0000000000001000-0x0000000000ffffff]
[    0.000000]   DMA32    [mem 0x0000000001000000-0x000000003ffeffff]
[    0.000000]   Normal   empty
[    0.000000]   Device   empty
[    0.000000] Movable zone start for each node
[    0.000000] Early memory node ranges
[    0.000000]   node   0: [mem 0x0000000000001000-0x000000000009efff]
[    0.000000]   node   0: [mem 0x0000000000100000-0x000000003ffeffff]
[    0.000000] Reserved but unavailable: 98 pages
[    0.000000] Initmem setup node 0 [mem 0x0000000000001000-0x000000003ffeffff]
[    0.000000] ACPI: PM-Timer IO Port: 0x4008
[    0.000000] IOAPIC[0]: apic_id 2, version 32, address 0xfec00000, GSI 0-23
[    0.000000] ACPI: INT_SRC_OVR (bus 0 bus_irq 0 global_irq 2 dfl dfl)
[    0.000000] ACPI: INT_SRC_OVR (bus 0 bus_irq 9 global_irq 9 low level)
[    0.000000] Using ACPI (MADT) for SMP configuration information
[    0.000000] smpboot: Allowing 2 CPUs, 0 hotplug CPUs
[    0.000000] PM: Registered nosave memory: [mem 0x00000000-0x00000fff]
[    0.000000] PM: Registered nosave memory: [mem 0x0009f000-0x0009ffff]
[    0.000000] PM: Registered nosave memory: [mem 0x000a0000-0x000effff]
[    0.000000] PM: Registered nosave memory: [mem 0x000f0000-0x000fffff]
[    0.000000] e820: [mem 0x40000000-0xfebfffff] available for PCI devices
[    0.000000] Booting paravirtualized kernel on KVM
[    0.000000] clocksource: refined-jiffies: mask: 0xffffffff max_cycles: 0xffffffff, max_idle_ns: 7645519600211568 ns
[    0.000000] random: get_random_bytes called from start_kernel+0x99/0x4fd with crng_init=0
[    0.000000] setup_percpu: NR_CPUS:8192 nr_cpumask_bits:2 nr_cpu_ids:2 nr_node_ids:1
[    0.000000] percpu: Embedded 45 pages/cpu s147456 r8192 d28672 u1048576
[    0.000000] PV qspinlock hash table entries: 256 (order: 0, 4096 bytes)
[    0.000000] Built 1 zonelists, mobility grouping on.  Total pages: 257913
[    0.000000] Policy zone: DMA32
[    0.000000] Kernel command line: BOOT_IMAGE=/boot/vmlinuz-4.15.0-96-generic root=LABEL=cloudimg-rootfs ro console=tty1 console=ttyS0
[    0.000000] Memory: 983060K/1048120K available (12300K kernel code, 2481K rwdata, 4264K rodata, 2432K init, 2712K bss, 65060K reserved, 0K cma-reserved)
[    0.000000] SLUB: HWalign=64, Order=0-3, MinObjects=0, CPUs=2, Nodes=1
[    0.000000] Kernel/User page tables isolation: enabled
[    0.000000] ftrace: allocating 39351 entries in 154 pages
[    0.004000] Hierarchical RCU implementation.
[    0.004000] 	RCU restricting CPUs from NR_CPUS=8192 to nr_cpu_ids=2.
[    0.004000] 	Tasks RCU enabled.
[    0.004000] RCU: Adjusting geometry for rcu_fanout_leaf=16, nr_cpu_ids=2
[    0.004000] NR_IRQS: 524544, nr_irqs: 440, preallocated irqs: 16
[    0.004000] Console: colour VGA+ 80x25
[    0.004000] console [tty1] enabled
[    0.004000] console [ttyS0] enabled
[    0.004000] ACPI: Core revision 20170831
[    0.004000] ACPI: 2 ACPI AML tables successfully acquired and loaded
[    0.004000] APIC: Switch to symmetric I/O mode setup
[    0.004000] x2apic enabled
[    0.004000] Switched APIC routing to physical x2apic.
[    0.004000] ..TIMER: vector=0x30 apic1=0 pin1=2 apic2=-1 pin2=-1
[    0.004003] tsc: Detected 2793.532 MHz processor
[    0.008009] Calibrating delay loop (skipped) preset value.. 5587.06 BogoMIPS (lpj=11174128)
[    0.010504] pid_max: default: 32768 minimum: 301
[    0.011762] Security Framework initialized
[    0.012003] Yama: becoming mindful.
[    0.012962] AppArmor: AppArmor initialized
[    0.015467] Dentry cache hash table entries: 131072 (order: 8, 1048576 bytes)
[    0.016061] Inode-cache hash table entries: 65536 (order: 7, 524288 bytes)
[    0.017874] Mount-cache hash table entries: 2048 (order: 2, 16384 bytes)
[    0.020005] Mountpoint-cache hash table entries: 2048 (order: 2, 16384 bytes)
[    0.022168] Last level iTLB entries: 4KB 128, 2MB 8, 4MB 8
[    0.024004] Last level dTLB entries: 4KB 64, 2MB 0, 4MB 0, 1GB 4
[    0.028005] Spectre V1 : Mitigation: usercopy/swapgs barriers and __user pointer sanitization
[    0.030300] Spectre V2 : Mitigation: Full generic retpoline
[    0.032002] Spectre V2 : Spectre v2 / SpectreRSB mitigation: Filling RSB on context switch
[    0.034540] Speculative Store Bypass: Vulnerable
[    0.036042] MDS: Vulnerable: Clear CPU buffers attempted, no microcode
[    0.037885] Freeing SMP alternatives memory: 36K
[    0.149035] smpboot: CPU0: Intel(R) Core(TM) i5-5575R CPU @ 2.80GHz (family: 0x6, model: 0x47, stepping: 0x1)
[    0.152000] Performance Events: unsupported p6 CPU model 71 no PMU driver, software events only.
[    0.152047] Hierarchical SRCU implementation.
[    0.153964] NMI watchdog: Perf event create on CPU 0 failed with -2
[    0.156003] NMI watchdog: Perf NMI watchdog permanently disabled
[    0.157998] smp: Bringing up secondary CPUs ...
[    0.160079] x86: Booting SMP configuration:
[    0.161229] .... node  #0, CPUs:      #1
[    0.004000] kvm-clock: cpu 1, msr 0:3ff44041, secondary cpu clock
[    0.167029] smp: Brought up 1 node, 2 CPUs
[    0.168005] smpboot: Max logical packages: 1
[    0.169142] smpboot: Total of 2 processors activated (11174.12 BogoMIPS)
[    0.171035] devtmpfs: initialized
[    0.172050] x86/mm: Memory block size: 128MB
[    0.173677] evm: security.selinux
[    0.174582] evm: security.SMACK64
[    0.176004] evm: security.SMACK64EXEC
[    0.176996] evm: security.SMACK64TRANSMUTE
[    0.178090] evm: security.SMACK64MMAP
[    0.179111] evm: security.apparmor
[    0.180001] evm: security.ima
[    0.180822] evm: security.capability
[    0.181854] clocksource: jiffies: mask: 0xffffffff max_cycles: 0xffffffff, max_idle_ns: 7645041785100000 ns
[    0.184013] futex hash table entries: 512 (order: 3, 32768 bytes)
[    0.189752] pinctrl core: initialized pinctrl subsystem
[    0.191756] RTC time:  2:13:04, date: 04/16/20
[    0.192202] NET: Registered protocol family 16
[    0.193496] audit: initializing netlink subsys (disabled)
[    0.196035] audit: type=2000 audit(1587003192.270:1): state=initialized audit_enabled=0 res=1
[    0.198340] cpuidle: using governor ladder
[    0.198340] cpuidle: using governor menu
[    0.200040] ACPI: bus type PCI registered
[    0.201119] acpiphp: ACPI Hot Plug PCI Controller Driver version: 0.5
[    0.204027] PCI: Using configuration type 1 for base access
[    0.205575] HugeTLB registered 2.00 MiB page size, pre-allocated 0 pages
[    0.208080] ACPI: Added _OSI(Module Device)
[    0.209297] ACPI: Added _OSI(Processor Device)
[    0.210509] ACPI: Added _OSI(3.0 _SCP Extensions)
[    0.212006] ACPI: Added _OSI(Processor Aggregator Device)
[    0.213504] ACPI: Added _OSI(Linux-Dell-Video)
[    0.214751] ACPI: Added _OSI(Linux-Lenovo-NV-HDMI-Audio)
[    0.216003] ACPI: Added _OSI(Linux-HPI-Hybrid-Graphics)
[    0.217893] ACPI: Executed 1 blocks of module-level executable AML code
[    0.224459] ACPI: Interpreter enabled
[    0.225705] ACPI: (supports S0 S5)
[    0.226684] ACPI: Using IOAPIC for interrupt routing
[    0.228226] PCI: Using host bridge windows from ACPI; if necessary, use "pci=nocrs" and report a bug
[    0.230919] ACPI: Enabled 2 GPEs in block 00 to 07
[    0.240219] ACPI: PCI Root Bridge [PCI0] (domain 0000 [bus 00-ff])
[    0.242084] acpi PNP0A03:00: _OSC: OS supports [ASPM ClockPM Segments MSI]
[    0.244322] acpi PNP0A03:00: _OSC: not requesting OS control; OS requires [ExtendedConfig ASPM ClockPM MSI]
[    0.247246] acpi PNP0A03:00: fail to add MMCONFIG information, can't access extended PCI configuration space under this bridge.
[    0.248620] PCI host bridge to bus 0000:00
[    0.249902] pci_bus 0000:00: root bus resource [io  0x0000-0x0cf7 window]
[    0.252005] pci_bus 0000:00: root bus resource [io  0x0d00-0xffff window]
[    0.253795] pci_bus 0000:00: root bus resource [mem 0x000a0000-0x000bffff window]
[    0.256003] pci_bus 0000:00: root bus resource [mem 0x40000000-0xfdffffff window]
[    0.260005] pci_bus 0000:00: root bus resource [bus 00-ff]
[    0.265508] pci 0000:00:01.1: legacy IDE quirk: reg 0x10: [io  0x01f0-0x01f7]
[    0.267565] pci 0000:00:01.1: legacy IDE quirk: reg 0x14: [io  0x03f6]
[    0.268003] pci 0000:00:01.1: legacy IDE quirk: reg 0x18: [io  0x0170-0x0177]
[    0.269853] pci 0000:00:01.1: legacy IDE quirk: reg 0x1c: [io  0x0376]
[    0.291114] pci 0000:00:07.0: quirk: [io  0x4000-0x403f] claimed by PIIX4 ACPI
[    0.292033] pci 0000:00:07.0: quirk: [io  0x4100-0x410f] claimed by PIIX4 SMB
[    0.302459] ACPI: PCI Interrupt Link [LNKA] (IRQs 5 9 10 *11)
[    0.304331] ACPI: PCI Interrupt Link [LNKB] (IRQs 5 9 *10 11)
[    0.306604] ACPI: PCI Interrupt Link [LNKC] (IRQs 5 *9 10 11)
[    0.308181] ACPI: PCI Interrupt Link [LNKD] (IRQs 5 9 10 *11)
[    0.312046] SCSI subsystem initialized
[    0.313149] pci 0000:00:02.0: vgaarb: setting as boot VGA device
[    0.313711] pci 0000:00:02.0: vgaarb: VGA device added: decodes=io+mem,owns=io+mem,locks=none
[    0.316013] pci 0000:00:02.0: vgaarb: bridge control possible
[    0.317518] vgaarb: loaded
[    0.318330] ACPI: bus type USB registered
[    0.320021] usbcore: registered new interface driver usbfs
[    0.321464] usbcore: registered new interface driver hub
[    0.322963] usbcore: registered new device driver usb
[    0.324075] EDAC MC: Ver: 3.0.0
[    0.325330] PCI: Using ACPI for IRQ routing
[    0.328391] NetLabel: Initializing
[    0.329356] NetLabel:  domain hash size = 128
[    0.330545] NetLabel:  protocols = UNLABELED CIPSOv4 CALIPSO
[    0.332019] NetLabel:  unlabeled traffic allowed by default
[    0.333635] clocksource: Switched to clocksource kvm-clock
[    0.345323] VFS: Disk quotas dquot_6.6.0
[    0.346471] VFS: Dquot-cache hash table entries: 512 (order 0, 4096 bytes)
[    0.348702] AppArmor: AppArmor Filesystem Enabled
[    0.350360] pnp: PnP ACPI init
[    0.353134] pnp: PnP ACPI: found 3 devices
[    0.364292] clocksource: acpi_pm: mask: 0xffffff max_cycles: 0xffffff, max_idle_ns: 2085701024 ns
[    0.366763] NET: Registered protocol family 2
[    0.368129] TCP established hash table entries: 8192 (order: 4, 65536 bytes)
[    0.370034] TCP bind hash table entries: 8192 (order: 5, 131072 bytes)
[    0.372085] TCP: Hash tables configured (established 8192 bind 8192)
[    0.375183] UDP hash table entries: 512 (order: 2, 16384 bytes)
[    0.376783] UDP-Lite hash table entries: 512 (order: 2, 16384 bytes)
[    0.378484] NET: Registered protocol family 1
[    0.379656] pci 0000:00:00.0: Limiting direct PCI/PCI transfers
[    0.381989] pci 0000:00:01.0: Activating ISA DMA hang workarounds
[    0.383768] pci 0000:00:02.0: Video device with shadowed ROM at [mem 0x000c0000-0x000dffff]
[    0.386166] Unpacking initramfs...
[    0.683987] Freeing initrd memory: 19208K
[    0.685364] clocksource: tsc: mask: 0xffffffffffffffff max_cycles: 0x284462ec54c, max_idle_ns: 440795344772 ns
[    0.688045] platform rtc_cmos: registered platform RTC device (no PNP device found)
[    0.690713] Scanning for low memory corruption every 60 seconds
[    0.693524] Initialise system trusted keyrings
[    0.694739] Key type blacklist registered
[    0.695917] workingset: timestamp_bits=36 max_order=18 bucket_order=0
[    0.698531] zbud: loaded
[    0.699801] squashfs: version 4.0 (2009/01/31) Phillip Lougher
[    0.701674] fuse init (API version 7.26)
[    0.706869] Key type asymmetric registered
[    0.708047] Asymmetric key parser 'x509' registered
[    0.709430] Block layer SCSI generic (bsg) driver version 0.4 loaded (major 246)
[    0.711518] io scheduler noop registered
[    0.713451] io scheduler deadline registered
[    0.714743] io scheduler cfq registered (default)
[    0.716523] ACPI: AC Adapter [AC] (on-line)
[    0.717686] input: Power Button as /devices/LNXSYSTM:00/LNXPWRBN:00/input/input0
[    0.719772] ACPI: Power Button [PWRF]
[    0.721024] input: Sleep Button as /devices/LNXSYSTM:00/LNXSLPBN:00/input/input1
[    0.723074] ACPI: Sleep Button [SLPF]
[    0.724762] Serial: 8250/16550 driver, 32 ports, IRQ sharing enabled
[    0.747702] 00:02: ttyS0 at I/O 0x3f8 (irq = 4, base_baud = 115200) is a 16550A
[    0.754995] Linux agpgart interface v0.103
[    0.757830] loop: module loaded
[    0.759320] scsi host0: ata_piix
[    0.760600] scsi host1: ata_piix
[    0.761729] ata1: PATA max UDMA/33 cmd 0x1f0 ctl 0x3f6 bmdma 0xd000 irq 14
[    0.763657] ata2: PATA max UDMA/33 cmd 0x170 ctl 0x376 bmdma 0xd008 irq 15
[    0.766135] libphy: Fixed MDIO Bus: probed
[    0.767231] tun: Universal TUN/TAP device driver, 1.6
[    0.768743] PPP generic driver version 2.4.2
[    0.770041] ehci_hcd: USB 2.0 'Enhanced' Host Controller (EHCI) Driver
[    0.771871] ehci-pci: EHCI PCI platform driver
[    0.773448] ehci-platform: EHCI generic platform driver
[    0.775038] ohci_hcd: USB 1.1 'Open' Host Controller (OHCI) Driver
[    0.776815] ohci-pci: OHCI PCI platform driver
[    0.778014] ohci-platform: OHCI generic platform driver
[    0.779381] uhci_hcd: USB Universal Host Controller Interface driver
[    0.781128] i8042: PNP: PS/2 Controller [PNP0303:PS2K,PNP0f03:PS2M] at 0x60,0x64 irq 1,12
[    0.784491] serio: i8042 KBD port at 0x60,0x64 irq 1
[    0.786358] serio: i8042 AUX port at 0x60,0x64 irq 12
[    0.788188] mousedev: PS/2 mouse device common for all mice
[    0.790536] input: AT Translated Set 2 keyboard as /devices/platform/i8042/serio0/input/input2
[    0.794053] rtc_cmos rtc_cmos: rtc core: registered rtc_cmos as rtc0
[    0.795957] rtc_cmos rtc_cmos: alarms up to one day, 114 bytes nvram
[    0.797793] i2c /dev entries driver
[    0.798818] device-mapper: uevent: version 1.0.3
[    0.800239] device-mapper: ioctl: 4.37.0-ioctl (2017-09-20) initialised: dm-devel@redhat.com
[    0.802538] ledtrig-cpu: registered to indicate activity on CPUs
[    0.804662] NET: Registered protocol family 10
[    0.809844] Segment Routing with IPv6
[    0.810875] NET: Registered protocol family 17
[    0.812425] Key type dns_resolver registered
[    0.813789] mce: Using 0 MCE banks
[    0.814755] RAS: Correctable Errors collector initialized.
[    0.816264] sched_clock: Marking stable (816244624, 0)->(1017567389, -201322765)
[    0.818652] registered taskstats version 1
[    0.819797] Loading compiled-in X.509 certificates
[    0.823520] Loaded X.509 cert 'Build time autogenerated kernel key: 244b473b43e18b01f00e37a87f2ecd28620f0244'
[    0.827504] zswap: loaded using pool lzo/zbud
[    0.831774] Key type big_key registered
[    0.833034] Key type trusted registered
[    0.835819] Key type encrypted registered
[    0.837004] AppArmor: AppArmor sha1 policy hashing enabled
[    0.838501] ima: No TPM chip found, activating TPM-bypass! (rc=-19)
[    0.840343] ima: Allocated hash algorithm: sha1
[    0.841865] evm: HMAC attrs: 0x1
[    0.843110]   Magic number: 0:566:207
[    0.844257] rtc_cmos rtc_cmos: setting system clock to 2020-04-16 02:13:05 UTC (1587003185)
[    0.846658] BIOS EDD facility v0.16 2004-Jun-25, 0 devices found
[    0.848285] EDD information not available.
[    0.951129] Freeing unused kernel image memory: 2432K
[    0.960768] Write protecting the kernel read-only data: 20480k
[    0.963080] Freeing unused kernel image memory: 2008K
[    0.965002] Freeing unused kernel image memory: 1880K
[    0.972305] x86/mm: Checked W+X mappings: passed, no W+X pages found.
[    0.974782] x86/mm: Checking user space page tables
[    0.982067] x86/mm: Checked W+X mappings: passed, no W+X pages found.
Loading, please wait...
starting version 237
[    1.043584] e1000: Intel(R) PRO/1000 Network Driver - version 7.3.21-k8-NAPI
[    1.045573] e1000: Copyright (c) 1999-2006 Intel Corporation.
[    1.049266] Fusion MPT base driver 3.04.20
[    1.051418] Copyright (c) 1999-2008 LSI Corporation
[    1.070142] Fusion MPT SPI Host driver 3.04.20
[    1.075395] AVX2 version of gcm_enc/dec engaged.
[    1.077116] AES CTR mode by8 optimization enabled
[    1.290378] input: ImExPS/2 Generic Explorer Mouse as /devices/platform/i8042/serio1/input/input4
[    1.718519] e1000 0000:00:03.0 eth0: (PCI:33MHz:32-bit) 02:43:0e:00:05:fc
[    1.720409] e1000 0000:00:03.0 eth0: Intel(R) PRO/1000 Network Connection
[    1.723320] mptbase: ioc0: Initiating bringup
[    1.724818] e1000 0000:00:03.0 enp0s3: renamed from eth0
[    4.142467] ioc0: LSI53C1030 A0: Capabilities={Initiator}
[    8.294227] scsi host2: ioc0: LSI53C1030 A0, FwRev=00000000h, Ports=1, MaxQ=256, IRQ=20
[   10.716702] scsi 2:0:0:0: Direct-Access     VBOX     HARDDISK         1.0  PQ: 0 ANSI: 5
[   12.360387] scsi target2:0:0: Beginning Domain Validation
[   12.364354] scsi target2:0:0: Domain Validation skipping write tests
[   12.366180] scsi target2:0:0: Ending Domain Validation
[   12.367649] scsi target2:0:0: asynchronous
[   12.369258] scsi 2:0:1:0: Direct-Access     VBOX     HARDDISK         1.0  PQ: 0 ANSI: 5
[   13.360426] scsi target2:0:1: Beginning Domain Validation
[   13.363571] random: fast init done
[   13.364864] scsi target2:0:1: Domain Validation skipping write tests
[   13.366544] scsi target2:0:1: Ending Domain Validation
[   13.367966] scsi target2:0:1: asynchronous
[   13.373933] random: systemd-udevd: uninitialized urandom read (16 bytes read)
[   13.374282] sd 2:0:0:0: [sda] 20971520 512-byte logical blocks: (10.7 GB/10.0 GiB)
[   13.375897] random: systemd-udevd: uninitialized urandom read (16 bytes read)
[   13.377972] sd 2:0:0:0: [sda] Write Protect is off
[   13.379730] random: systemd-udevd: uninitialized urandom read (16 bytes read)
[   13.383098] sd 2:0:0:0: [sda] Incomplete mode parameter data
[   13.383190] sd 2:0:0:0: Attached scsi generic sg0 type 0
[   13.384656] sd 2:0:0:0: [sda] Assuming drive cache: write through
[   13.388194] sd 2:0:1:0: Attached scsi generic sg1 type 0
[   13.390255] sd 2:0:1:0: [sdb] 20480 512-byte logical blocks: (10.5 MB/10.0 MiB)
[   13.394186] sd 2:0:1:0: [sdb] Write Protect is off
[   13.396100] sd 2:0:1:0: [sdb] Incomplete mode parameter data
[   13.397678] sd 2:0:1:0: [sdb] Assuming drive cache: write through
[   13.404363]  sda: sda1
[   13.406423] sd 2:0:0:0: [sda] Attached SCSI disk
[   13.408481] sd 2:0:1:0: [sdb] Attached SCSI disk
Begin: Loading essential drivers ... [   15.024424] raid6: sse2x1   gen()  9604 MB/s
[   15.072365] raid6: sse2x1   xor()  7056 MB/s
[   15.120084] raid6: sse2x2   gen() 11661 MB/s
[   15.168549] raid6: sse2x2   xor()  7709 MB/s
[   15.216103] raid6: sse2x4   gen() 14055 MB/s
[   15.264246] raid6: sse2x4   xor()  8590 MB/s
[   15.312166] raid6: avx2x1   gen() 18696 MB/s
[   15.360154] raid6: avx2x1   xor() 12899 MB/s
[   15.408183] raid6: avx2x2   gen() 22783 MB/s
[   15.456647] raid6: avx2x2   xor() 13621 MB/s
[   15.504085] raid6: avx2x4   gen() 25752 MB/s
[   15.552060] raid6: avx2x4   xor() 15936 MB/s
[   15.553306] raid6: using algorithm avx2x4 gen() 25752 MB/s
[   15.554718] raid6: .... xor() 15936 MB/s, rmw enabled
[   15.556132] raid6: using avx2x2 recovery algorithm
[   15.558871] xor: automatically using best checksumming function   avx       
[   15.562140] async_tx: api initialized (async)
done.
Begin: Running /scripts/init-premount ... done.
Begin: Mounting root file system ... Begin: Running /scripts/local-top ... done.
Begin: Running /scripts/local-premount ... [   15.607528] Btrfs loaded, crc32c=crc32c-intel
Scanning for Btrfs filesystems
done.
Warning: fsck not present, so skipping root file system
[   15.739733] EXT4-fs (sda1): mounted filesystem with ordered data mode. Opts: (null)
done.
Begin: Running /scripts/local-bottom ... done.
Begin: Running /scripts/init-bottom ... done.
[   16.670949] ip_tables: (C) 2000-2006 Netfilter Core Team
[   16.763680] systemd[1]: systemd 237 running in system mode. (+PAM +AUDIT +SELINUX +IMA +APPARMOR +SMACK +SYSVINIT +UTMP +LIBCRYPTSETUP +GCRYPT +GNUTLS +ACL +XZ +LZ4 +SECCOMP +BLKID +ELFUTILS +KMOD -IDN2 +IDN -PCRE2 default-hierarchy=hybrid)
[   16.769631] systemd[1]: Detected virtualization oracle.
[   16.771067] systemd[1]: Detected architecture x86-64.

Welcome to [1mUbuntu 18.04.4 LTS[0m!

[   16.786467] systemd[1]: Set hostname to <ubuntu>.
[   16.816729] systemd[1]: Initializing machine ID from random generator.
[   16.819227] systemd[1]: Installed transient /etc/machine-id file.
[   17.760373] random: crng init done
[   17.761442] random: 7 urandom warning(s) missed due to ratelimiting
[   18.176669] systemd[1]: Reached target Swap.
[[0;32m  OK  [0m] Reached target Swap.
[   18.179151] systemd[1]: Set up automount Arbitrary Executable File Formats File System Automount Point.
[[0;32m  OK  [0m] Set up automount Arbitrary Executab…rmats File System Automount Point.
[   18.183839] systemd[1]: Reached target User and Group Name Lookups.
[[0;32m  OK  [0m] Reached target User and Group Name Lookups.
[   18.187903] systemd[1]: Started Forward Password Requests to Wall Directory Watch.
[[0;32m  OK  [0m] Started Forward Password Requests to Wall Directory Watch.
[[0;32m  OK  [0m] Created slice User and Session Slice.
[[0;32m  OK  [0m] Created slice System Slice.
[[0;32m  OK  [0m] Listening on Device-mapper event daemon FIFOs.
[[0;32m  OK  [0m] Reached target Slices.
[[0;32m  OK  [0m] Listening on Network Service Netlink Socket.
[[0;32m  OK  [0m] Listening on /dev/initctl Compatibility Named Pipe.
[[0;32m  OK  [0m] Listening on Journal Socket (/dev/log).
[[0;32m  OK  [0m] Created slice system-serial\x2dgetty.slice.
[[0;32m  OK  [0m] Listening on LVM2 poll daemon socket.
[[0;32m  OK  [0m] Listening on Syslog Socket.
[[0;32m  OK  [0m] Listening on Journal Audit Socket.
[[0;32m  OK  [0m] Reached target System Time Synchronized.
[[0;32m  OK  [0m] Listening on Journal Socket.
         Starting Remount Root and Kernel File Systems...
         Starting Create list of required st…ce nodes for the current kernel...
         Starting Journal Service...
[   18.242555] EXT4-fs (sda1): re-mounted. Opts: (null)
         Starting Load Kernel Modules...
         Mounting Huge Pages File System...
         Starting Uncomplicated firewall...
         Starting Set the console keyboard layout...
         Mounting POSIX Message Queue File System...
[[0;32m  OK  [0m] Listening on udev Control Socket.
[[0;32m  OK  [0m] Listening on LVM2 metadata daemon socket.
         Starting Monitoring of LVM2 mirrors…ng dmeventd or progress polling...
[[0;32m  OK  [0m] Listening on udev Kernel Socket.
         Starting udev Coldplug all Devices...
         Mounting Kernel Debug File System...
[   18.731778] Loading iSCSI transport class v2.0-870.
[[0;32m  OK  [0m] Started Journal Service.
[[0;32m  OK  [0m] Started Remount Root and Kernel File Systems.
[[0;32m  OK  [0m] Started Create list of required sta…vice nodes for the current kernel.
[[0;32m  OK  [0m] Mounted Huge Pages File System.
[[0;32m  OK  [0m] Started Uncomplicated firewall.
[[0;32m  OK  [0m] Mounted POSIX Message Queue File System.
[[0;32m  OK  [0m] Mounted Kernel Debug File System.
         Starting Create Static Device Nodes in /dev...
[   18.823533] iscsi: registered transport (tcp)
[   18.862021] iscsi: registered transport (iser)
         Starting Load/Save Random Seed...
         Starting Flush Journal to Persistent Storage...
[[0;32m  OK  [0m] Started Load Kernel Modules.
         Mounting FUSE Control File System...
         Mounting Kernel Configuration File System...
         Starting Apply Kernel Variables...
[[0;32m  OK  [0m] Mounted FUSE Control File System.
[[0;32m  OK  [0m] Mounted Kernel Configuration File System.
[[0;32m  OK  [0m] Started Set the console keyboard layout.
[[0;32m  OK  [0m] Started Load/Save Random Seed.
[[0;32m  OK  [0m] Started udev Coldplug all Devices.
[   19.088420] systemd-journald[381]: Received request to flush runtime journal from PID 1
[[0;32m  OK  [0m] Started LVM2 metadata daemon.
[[0;32m  OK  [0m] Started Create Static Device Nodes in /dev.
         Starting udev Kernel Device Manager...
[[0;32m  OK  [0m] Started Apply Kernel Variables.
[[0;32m  OK  [0m] Started Monitoring of LVM2 mirrors,…sing dmeventd or progress polling.
[[0;32m  OK  [0m] Reached target Local File Systems (Pre).
[[0;32m  OK  [0m] Reached target Local File Systems.
         Starting Set console font and keymap...
         Starting Commit a transient machine-id on disk...
         Starting AppArmor initialization...
         Starting ebtables ruleset management...
         Starting Tell Plymouth To Write Out Runtime Data...
[[0;32m  OK  [0m] Started Flush Journal to Persistent Storage.
         Starting Create Volatile Files and Directories...
[[0;32m  OK  [0m] Started Set console font and keymap.
[[0;32m  OK  [0m] Started Tell Plymouth To Write Out Runtime Data.
[[0;32m  OK  [0m] Started Create Volatile Files and Directories.
         Starting Update UTMP about System Boot/Shutdown...
[[0;32m  OK  [0m] Started udev Kernel Device Manager.
[[0;32m  OK  [0m] Started Dispatch Password Requests to Console Directory Watch.
[[0;32m  OK  [0m] Reached target Local Encrypted Volumes.
[[0;32m  OK  [0m] Started Update UTMP about System Boot/Shutdown.
[[0;32m  OK  [0m] Started Commit a transient machine-id on disk.
[[0;32m  OK  [0m] Started ebtables ruleset management.
[[0;32m  OK  [0m] Found device /dev/ttyS0.
[[0;32m  OK  [0m] Listening on Load/Save RF Kill Switch Status /dev/rfkill Watch.
[[0;32m  OK  [0m] Started AppArmor initialization.
         Starting Initial cloud-init job (pre-networking)...
[   24.491571] cloud-init[537]: Cloud-init v. 19.4-33-gbb4131a2-0ubuntu1~18.04.1 running 'init-local' at Thu, 16 Apr 2020 02:13:28 +0000. Up 24.04 seconds.
[[0;32m  OK  [0m] Started Initial cloud-init job (pre-networking).
[[0;32m  OK  [0m] Reached target Network (Pre).
         Starting Network Service...
[[0;32m  OK  [0m] Started Network Service.
         Starting Network Name Resolution...
         Starting Wait for Network to be Configured...
[[0;32m  OK  [0m] Started Network Name Resolution.
[[0;32m  OK  [0m] Reached target Network.
[[0;32m  OK  [0m] Reached target Host and Network Name Lookups.
[[0;32m  OK  [0m] Started Wait for Network to be Configured.
         Starting Initial cloud-init job (metadata service crawler)...
[   26.716307] cloud-init[653]: Cloud-init v. 19.4-33-gbb4131a2-0ubuntu1~18.04.1 running 'init' at Thu, 16 Apr 2020 02:13:31 +0000. Up 26.49 seconds.
[   26.721652] cloud-init[653]: ci-info: +++++++++++++++++++++++++++++++++++++Net device info+++++++++++++++++++++++++++++++++++++
[   26.725707] cloud-init[653]: ci-info: +--------+------+--------------------------+---------------+--------+-------------------+
[   26.731681] cloud-init[653]: ci-info: | Device |  Up  |         Address          |      Mask     | Scope  |     Hw-Address    |
[   26.736280] cloud-init[653]: ci-info: +--------+------+--------------------------+---------------+--------+-------------------+
[   26.740635] cloud-init[653]: ci-info: | enp0s3 | True |        10.0.2.15         | 255.255.255.0 | global | 02:43:0e:00:05:fc |
[   26.747696] cloud-init[653]: ci-info: | enp0s3 | True | fe80::43:eff:fe00:5fc/64 |       .       |  link  | 02:43:0e:00:05:fc |
[   26.753528] cloud-init[653]: ci-info: |   lo   | True |        127.0.0.1         |   255.0.0.0   |  host  |         .         |
[   26.758982] cloud-init[653]: ci-info: |   lo   | True |         ::1/128          |       .       |  host  |         .         |
[   26.766936] cloud-init[653]: ci-info: +--------+------+--------------------------+---------------+--------+-------------------+
[   26.770517] cloud-init[653]: ci-info: ++++++++++++++++++++++++++++Route IPv4 info+++++++++++++++++++++++++++++
[   26.772786] cloud-init[653]: ci-info: +-------+-------------+----------+-----------------+-----------+-------+
[   26.774659] cloud-init[653]: ci-info: | Route | Destination | Gateway  |     Genmask     | Interface | Flags |
[   26.776879] cloud-init[653]: ci-info: +-------+-------------+----------+-----------------+-----------+-------+
[   26.779556] cloud-init[653]: ci-info: |   0   |   0.0.0.0   | 10.0.2.2 |     0.0.0.0     |   enp0s3  |   UG  |
[   26.782221] cloud-init[653]: ci-info: |   1   |   10.0.2.0  | 0.0.0.0  |  255.255.255.0  |   enp0s3  |   U   |
[   26.786715] cloud-init[653]: ci-info: |   2   |   10.0.2.2  | 0.0.0.0  | 255.255.255.255 |   enp0s3  |   UH  |
[   26.790179] cloud-init[653]: ci-info: +-------+-------------+----------+-----------------+-----------+-------+
[   26.793855] cloud-init[653]: ci-info: +++++++++++++++++++Route IPv6 info+++++++++++++++++++
[   26.795916] cloud-init[653]: ci-info: +-------+-------------+---------+-----------+-------+
[   26.798025] cloud-init[653]: ci-info: | Route | Destination | Gateway | Interface | Flags |
[   26.800599] cloud-init[653]: ci-info: +-------+-------------+---------+-----------+-------+
[   26.803878] cloud-init[653]: ci-info: |   1   |  fe80::/64  |    ::   |   enp0s3  |   U   |
[   26.805752] cloud-init[653]: ci-info: |   3   |    local    |    ::   |   enp0s3  |   U   |
[   26.807815] cloud-init[653]: ci-info: |   4   |   ff00::/8  |    ::   |   enp0s3  |   U   |
[   26.809331] cloud-init[653]: ci-info: +-------+-------------+---------+-----------+-------+
[   28.363530] cloud-init[653]: Generating public/private rsa key pair.
[   28.364768] cloud-init[653]: Your identification has been saved in /etc/ssh/ssh_host_rsa_key.
[   28.366366] cloud-init[653]: Your public key has been saved in /etc/ssh/ssh_host_rsa_key.pub.
[   28.368446] cloud-init[653]: The key fingerprint is:
[   28.369246] cloud-init[653]: SHA256:VR0MMwOzaPejz3gY7e5HjXDUgecBv001KsFgrOIjlU8 root@ubuntu-bionic
[   28.384382] cloud-init[653]: The key's randomart image is:
[   28.385543] cloud-init[653]: +---[RSA 2048]----+
[   28.386445] cloud-init[653]: |        .o=o*=+=o|
[   28.387840] cloud-init[653]: |        .o =.=*o+|
[   28.400541] cloud-init[653]: |      . + +. oo.o|
[   28.401589] cloud-init[653]: |     + E o .o .oo|
[   28.412332] cloud-init[653]: |    o + S  .oo +.|
[   28.413287] cloud-init[653]: |   . o .  ....o .|
[[   28.424335] cloud-init[653]: |    . .   .+ .   |
[0;32m  OK  [0m] Started Initial cloud-init job (metadata service crawler).
[   28.424469] cloud-init[653]: |          .+o .  |
[   28.427156] cloud-init[653]: |          .+=.   |
[[0;32m  OK  [0m] Reached target System Initialization.
[   28.428177] cloud-init[653]: +----[SHA256]-----+
[   28.440355] cloud-init[653]: Generating public/private dsa key pair.
[   28.441839] cloud-init[653]: Your identification has been saved in /etc/ssh/ssh_host_dsa_key.
[[0;32m  OK  [0m] Started ACPI Events Check.
[[0;32m  OK  [0m] Listening on UUID daemon activation socket.
         Starting Socket activation for snappy daemon.
[[0;32m  OK  [0m] Started Daily apt download activities.
[[0;32m  OK  [0m] Listening on Open-iSCSI iscsid Socket.
[   28.458412] cloud-init[653]: Your public key has been saved in /etc/ssh/ssh_host_dsa_key.pub.
[   28.476209] cloud-init[653]: The key fingerprint is:
         Starting LXD - unix socket.
[[0;32m  OK  [0m] Started Daily apt upgrade and clean activities.
[[0;32m  OK  [0m] Listening on ACPID Listen Socket.
[[0;32m  OK  [0m] Reached target Paths.
[[0;32m  OK  [0m] Started Daily Cleanup of Temporary Directories.
[   28.494397] cloud-init[653]: SHA256:8FFwdtU8D9KTD4H9a1h/tBrI2txrkcc55Z3ReSkaDcc root@ubuntu-bionic
[[0;32m  OK  [0m] Started Discard unused blocks once a week.
[[0;32m  OK  [0m] Listening on D-Bus System Message Bus Socket.
[[0;32m  OK  [0m] Started Message of the Day.
[[0;32m  OK  [0m] Reached target Timers.
[[0;32m  OK  [0m] Reached target Network is Online.
[   28.506347] [cloud-init[0;32m  OK  [0m[653]: ] The key's randomart image is:Reached target Remote File Systems (Pre).

[   28.506496] [cloud-init[0;32m  OK  [0m[653]: ] +---[DSA 1024]----+Reached target Remote File Systems.

[   28.522037] cloud-init[653]: |        ..+ o=o= |
         Starting Availability of block devices...
[   28.530126] cloud-init[653]: |         + ooEB.o|
[   28.531520] cloud-init[653]: [[0;32m  OK  [0m] Reached target Cloud-config availability.
[[0;32m  OK  [0m] Listening on Socket activation for snappy daemon.
[[0;32m  OK  [0m] Listening on LXD - unix socket.
[[0;32m  OK  [0m] Reached target Sockets.
|      . .   +. **|[[0;32m  OK  [0m] Reached target Basic System.

[[0;32m  OK  [0m] Started Deferred execution scheduler.
[   28.540315] cloud-init[653]: |       o . . o =O|         Starting LSB: automatic crash report generation...

[   28.550404] cloud-init[653]: |        S . + *o@|
[   28.554292] cloud-init[653]: |           + = X=|
[   28.557463] cloud-init[653]: |          + . * o|
[   28.559930] cloud-init[[0;32m  OK  [0m] Started irqbalance daemon.
[653]: |         . o +   |
         Starting Login Service...
[   28.563768] cloud-init[653]: |            ...  |
[   28.577006] cloud-init[[0;32m  OK  [0m] Started FUSE filesystem for LXC.
         Starting Virtualbox guest utils...
[653]: +----[SHA256]-----+
[   28.592845] cloud-init[653]: Generating public/private ecdsa key pair.
[   28.608252] cloud-init[653]: Your identification has been saved in /etc/ssh/ssh_host_ecdsa_key.
[   28.609534] cloud-init[653]: Your public key has been saved in /etc/ssh/ssh_host_ecdsa_key.pub.
[   28.610720] cloud-init[653]: The key fingerprint is:
[   28.620347] cloud-init[653]: SHA256:Kpvc+Frpmvzv/kOSFesD89HsUeQDDZmi7MopJWcel0M root@ubuntu-bionic
[   28.622808] cloud-init[653]: The key's randomart image is:
[   28.624289] cloud-init[653]: +---[ECDSA 256]---+
[   28.640266] cloud-init[653]: |            o*.  |
[   28.642197] cloud-init[653]: |          o ooo  |
[   28.643882] cloud-init[653]: |       . . * .o  |
[   28.660310] cloud-init[653]: |        E + +  . |
[   28.661918] cloud-init[653]: |       oSO o .   |
[   28.663417] cloud-init[653]: |    . =oB = .    |
[   28.664951] cloud-init[653]: |    .B+= + .     |
[   28.680428] cloud-init[653]: |   o.X=   .      |
[   28.681904] cloud-init[653]: |    X*=++...     |
[   28.683056] cloud-init[653]: +----[SHA256]-----+
         Starting Pollinate to seed the pseudo random number generator...
         Starting LSB: Record successful boot for GRUB...
         Starting Accounts Service...
[   28.687987] cloud-init[653]: Generating public/private ed25519 key pair.
[   28.704264] cloud-init[653]: Your identification has been saved in /etc/ssh/ssh_host_ed25519_key.
[   28.705604] cloud-init[653]: Your public key has been saved in /etc/ssh/ssh_host_ed25519_key.pub.
[   28.707353] cloud-init[653]: The key fingerprint is:
[   28.720356] cloud-init[653]: SHA256:m4cY6qu3vug+aEy98btVIaeSbVOnsNChYAtXfbXHn5Y root@ubuntu-bionic
[   28.722169] cloud-init[653]: The key's randomart image is:
[   28.723327] cloud-init[653]: +--[ED25519 256]--+
[   28.724254] cloud-init[653]: | . +....  ..     |
[   28.725409] cloud-init[653]: |  + o o...  o    |
[   28.726670] cloud-init[653]: |   . o +.+ o o   |
[   28.736669] cloud-init[653]: |      + B + . . o|
[   28.748300] cloud-init[653]: |  .  o.*So     E |
[   28.749580] cloud-init[653]: | . o .ooo+    .  |
[   28.750359] cloud-init[653]: |o.  = ..+ .      |
[   28.760300] cloud-init[653]: |.o.+...  .       |
[   28.761948] cloud-init[653]: |.o==**o          |
[   28.762931] cloud-init[653]: +----[SHA256]-----+
         Starting Dispatcher daemon for systemd-networkd...
         Starting Permit User Sessions...
[[0;32m  OK  [0m] Started D-Bus System Message Bus.
         Starting System Logging Service...
         Starting LXD - container startup/shutdown...
[[0;32m  OK  [0m] Started Regular background program processing daemon.
         Starting Snappy daemon...
[[0;32m  OK  [0m] Started System Logging Service.
[[0;32m  OK  [0m] Started Availability of block devices.
[[0;32m  OK  [0m] Started Permit User Sessions.
[[0;32m  OK  [0m] Started Login Service.
         Starting Authorization Manager...
[[0;32m  OK  [0m] Started Unattended Upgrades Shutdown.
         Starting Hold until boot process finishes up...
         Starting Terminate Plymouth Boot Screen...
[[0;32m  OK  [0m] Started Hold until boot process finishes up.
         Starting Set console scheme...
[[0;32m  OK  [0m] Started Serial Getty on ttyS0.
[[0;32m  OK  [0m] Started Terminate Plymouth Boot Screen.
[[0;32m  OK  [0m] Started Set console scheme.
[[0;32m  OK  [0m] Created slice system-getty.slice.
[[0;32m  OK  [0m] Started Getty on tty1.
[[0;32m  OK  [0m] Reached target Login Prompts.
[[0;32m  OK  [0m] Started LSB: automatic crash report generation.
[[0;32m  OK  [0m] Started Authorization Manager.
[[0;32m  OK  [0m] Started Accounts Service.
[[0;32m  OK  [0m] Started Dispatcher daemon for systemd-networkd.
[[0;32m  OK  [0m] Started LSB: Record successful boot for GRUB.
[[0;32m  OK  [0m] Started Virtualbox guest utils.
[[0;32m  OK  [0m] Started LXD - container startup/shutdown.
[[0;32m  OK  [0m] Started Snappy daemon.
         Starting Wait until snapd is fully seeded...
[[0;32m  OK  [0m] Started Pollinate to seed the pseudo random number generator.
         Starting OpenBSD Secure Shell server...
[[0;32m  OK  [0m] Started OpenBSD Secure Shell server.
[[0;32m  OK  [0m] Created slice User Slice of vagrant.
         Starting User Manager for UID 1000...
[[0;32m  OK  [0m] Started Session 1 of user vagrant.
[[0;32m  OK  [0m] Started Wait until snapd is fully seeded.
         Starting Apply the settings specified in cloud-config...
[[0;32m  OK  [0m] Reached target Multi-User System.
[[0;32m  OK  [0m] Reached target Graphical Interface.
         Starting Update UTMP about System Runlevel Changes...
[[0;32m  OK  [0m] Started Update UTMP about System Runlevel Changes.
[[0;32m  OK  [0m] Started User Manager for UID 1000.

Ubuntu 18.04.4 LTS ubuntu-bionic ttyS0

ubuntu-bionic login: [   35.868904] cloud-init[1278]: Cloud-init v. 19.4-33-gbb4131a2-0ubuntu1~18.04.1 running 'modules:config' at Thu, 16 Apr 2020 02:13:38 +0000. Up 33.65 seconds.
ci-info: no authorized SSH keys fingerprints found for user ubuntu.
<14>Apr 16 02:13:41 ec2: 
<14>Apr 16 02:13:41 ec2: #############################################################
<14>Apr 16 02:13:41 ec2: -----BEGIN SSH HOST KEY FINGERPRINTS-----
<14>Apr 16 02:13:41 ec2: 1024 SHA256:8FFwdtU8D9KTD4H9a1h/tBrI2txrkcc55Z3ReSkaDcc root@ubuntu-bionic (DSA)
<14>Apr 16 02:13:41 ec2: 256 SHA256:Kpvc+Frpmvzv/kOSFesD89HsUeQDDZmi7MopJWcel0M root@ubuntu-bionic (ECDSA)
<14>Apr 16 02:13:41 ec2: 256 SHA256:m4cY6qu3vug+aEy98btVIaeSbVOnsNChYAtXfbXHn5Y root@ubuntu-bionic (ED25519)
<14>Apr 16 02:13:41 ec2: 2048 SHA256:VR0MMwOzaPejz3gY7e5HjXDUgecBv001KsFgrOIjlU8 root@ubuntu-bionic (RSA)
<14>Apr 16 02:13:41 ec2: -----END SSH HOST KEY FINGERPRINTS-----
<14>Apr 16 02:13:41 ec2: #############################################################
-----BEGIN SSH HOST KEY KEYS-----
ecdsa-sha2-nistp256 AAAAE2VjZHNhLXNoYTItbmlzdHAyNTYAAAAIbmlzdHAyNTYAAABBBJL10VdtoYbh4kWWchLLis3UfA7scSmatKz8qLoCjsvCxnENT3DBlFE9XoXqpO9etGNf4dJhl8ZuABqjP07haGA= root@ubuntu-bionic
ssh-ed25519 AAAAC3NzaC1lZDI1NTE5AAAAIOsqYm9OmW7th3SUTfVJVmd795DDR+Go85nTYjt8nJoc root@ubuntu-bionic
ssh-rsa AAAAB3NzaC1yc2EAAAADAQABAAABAQDFGRjSkxMEO1ASs0qIrl4cNAwICxBwsdGDBlgoOleQEDrAVavrb4+qyzUMDNeA9+5TtcigirgTezvuEN1UbfKir0TWzuV709ee1fJ0qtSUIeNrXBVDFeNRvz8NYwr145Z1hlIVMq/MrpdXFSk85TW/eApqIczTogGjTN2xiiWE8rHbhmToZsXWOxAY1TKq5nDAxhUrIyXaJipjEBNIgeasNiGB80sS/zsGKRdJ6yi7zbC/mOdZ05tKWx473TjbynknBbnAxT8K+DrqxroARiimThCFrsMGfn7+E38Jt5FBGlNDaWCNgHnhakIAr542IsFVRuLJQweHaCMAeZ0U7K65 root@ubuntu-bionic
-----END SSH HOST KEY KEYS-----
[   36.563695] cloud-init[1379]: Cloud-init v. 19.4-33-gbb4131a2-0ubuntu1~18.04.1 running 'modules:final' at Thu, 16 Apr 2020 02:13:40 +0000. Up 36.31 seconds.
[   36.566771] cloud-init[1379]: ci-info: no authorized SSH keys fingerprints found for user ubuntu.
[   36.568798] cloud-init[1379]: Cloud-init v. 19.4-33-gbb4131a2-0ubuntu1~18.04.1 finished at Thu, 16 Apr 2020 02:13:41 +0000. Datasource DataSourceNoCloud [seed=/dev/sdb][dsmode=net].  Up 36.55 seconds
